<?xml version="1.0" encoding="UTF-8"?>
<testsuite name="edu.virginia.cs.hw2.GameTest" tests="6" skipped="0" failures="0" errors="0" timestamp="2022-09-29T15:50:46" hostname="Grants-MacBook-Pro.local" time="0.392">
  <properties/>
  <testcase name="testIfGameDoesntEndsWhenGuessIsLessThan5()" classname="edu.virginia.cs.hw2.GameTest" time="0.127"/>
  <testcase name="testIfGameEndsWhenGuessIs7()" classname="edu.virginia.cs.hw2.GameTest" time="0.048"/>
  <testcase name="testIfWhenValidGuessThenGuessCounterIncreases()" classname="edu.virginia.cs.hw2.GameTest" time="0.065"/>
  <testcase name="testConstructorWithIllegalAnswer()" classname="edu.virginia.cs.hw2.GameTest" time="0.029"/>
  <testcase name="testIfThrowsExceptionForIllegalWord()" classname="edu.virginia.cs.hw2.GameTest" time="0.077"/>
  <testcase name="testIfGameEndsWhenGuessIs6IfWrong()" classname="edu.virginia.cs.hw2.GameTest" time="0.041"/>
  <system-out><![CDATA[]]></system-out>
  <system-err><![CDATA[]]></system-err>
</testsuite>
