<?xml version="1.0" encoding="UTF-8"?>
<testsuite name="edu.virginia.cs.ExampleTest" tests="1" skipped="0" failures="0" errors="0" timestamp="2022-09-15T22:40:24" hostname="Grants-MacBook-Pro.local" time="0.016">
  <properties/>
  <testcase name="testSQRT()" classname="edu.virginia.cs.ExampleTest" time="0.016"/>
  <system-out><![CDATA[]]></system-out>
  <system-err><![CDATA[]]></system-err>
</testsuite>
